c:\projects\pele\nvtlapiwrapper\nvtlapiwrapper\release\nvtlapiwrapper.pch
c:\projects\pele\nvtlapiwrapper\nvtlapiwrapper\release\vc120.pdb
c:\projects\pele\nvtlapiwrapper\nvtlapiwrapper\release\stdafx.obj
c:\projects\pele\nvtlapiwrapper\nvtlapiwrapper\release\sdkwrappermanaged.obj
c:\projects\pele\nvtlapiwrapper\nvtlapiwrapper\release\sdkwrapper.obj
c:\projects\pele\nvtlapiwrapper\nvtlapiwrapper\release\assemblyinfo.obj
c:\projects\pele\nvtlapiwrapper\nvtlapiwrapper\release\.netframework,version=v4.5.assemblyattributes.obj
c:\projects\pele\nvtlapiwrapper\release\nvtlapiwrapper.dll
c:\projects\pele\nvtlapiwrapper\release\nvtlapiwrapper.pdb
c:\projects\pele\nvtlapiwrapper\nvtlapiwrapper\release\app.res
c:\projects\pele\nvtlapiwrapper\nvtlapiwrapper\release\nvtlapiwrapper.vcxprojresolveassemblyreference.cache
c:\projects\pele\nvtlapiwrapper\nvtlapiwrapper\release\nvtlapiwrapper.tlog\cl.command.1.tlog
c:\projects\pele\nvtlapiwrapper\nvtlapiwrapper\release\nvtlapiwrapper.tlog\cl.read.1.tlog
c:\projects\pele\nvtlapiwrapper\nvtlapiwrapper\release\nvtlapiwrapper.tlog\cl.write.1.tlog
c:\projects\pele\nvtlapiwrapper\nvtlapiwrapper\release\nvtlapiwrapper.tlog\link.command.1.tlog
c:\projects\pele\nvtlapiwrapper\nvtlapiwrapper\release\nvtlapiwrapper.tlog\link.read.1.tlog
c:\projects\pele\nvtlapiwrapper\nvtlapiwrapper\release\nvtlapiwrapper.tlog\link.write.1.tlog
c:\projects\pele\nvtlapiwrapper\nvtlapiwrapper\release\nvtlapiwrapper.tlog\metagen.read.1.tlog
c:\projects\pele\nvtlapiwrapper\nvtlapiwrapper\release\nvtlapiwrapper.tlog\metagen.write.1.tlog
c:\projects\pele\nvtlapiwrapper\nvtlapiwrapper\release\nvtlapiwrapper.tlog\rc.command.1.tlog
c:\projects\pele\nvtlapiwrapper\nvtlapiwrapper\release\nvtlapiwrapper.tlog\rc.read.1.tlog
c:\projects\pele\nvtlapiwrapper\nvtlapiwrapper\release\nvtlapiwrapper.tlog\rc.write.1.tlog
c:\projects\pele\nvtlapiwrapper\nvtlapiwrapper\release\nvtlapiwrapper.tlog\tzres.dll.bi
