c:\projects\pele\nvtlapiwrapper\nvtlapiwrapper\debug\nvtlapiwrapper.pch
c:\projects\pele\nvtlapiwrapper\nvtlapiwrapper\debug\vc120.pdb
c:\projects\pele\nvtlapiwrapper\nvtlapiwrapper\debug\stdafx.obj
c:\projects\pele\nvtlapiwrapper\nvtlapiwrapper\debug\sdkwrappermanaged.obj
c:\projects\pele\nvtlapiwrapper\nvtlapiwrapper\debug\sdkwrapper.obj
c:\projects\pele\nvtlapiwrapper\nvtlapiwrapper\debug\assemblyinfo.obj
c:\projects\pele\nvtlapiwrapper\nvtlapiwrapper\debug\.netframework,version=v4.5.assemblyattributes.obj
c:\projects\pele\nvtlapiwrapper\debug\nvtlapiwrapper.dll
c:\projects\pele\nvtlapiwrapper\debug\nvtlapiwrapper.pdb
c:\projects\pele\nvtlapiwrapper\nvtlapiwrapper\debug\app.res
c:\projects\pele\nvtlapiwrapper\nvtlapiwrapper\debug\nvtlapiwrapper.tlog\cl.command.1.tlog
c:\projects\pele\nvtlapiwrapper\nvtlapiwrapper\debug\nvtlapiwrapper.tlog\cl.read.1.tlog
c:\projects\pele\nvtlapiwrapper\nvtlapiwrapper\debug\nvtlapiwrapper.tlog\cl.write.1.tlog
c:\projects\pele\nvtlapiwrapper\nvtlapiwrapper\debug\nvtlapiwrapper.tlog\link.command.1.tlog
c:\projects\pele\nvtlapiwrapper\nvtlapiwrapper\debug\nvtlapiwrapper.tlog\link.read.1.tlog
c:\projects\pele\nvtlapiwrapper\nvtlapiwrapper\debug\nvtlapiwrapper.tlog\link.write.1.tlog
c:\projects\pele\nvtlapiwrapper\nvtlapiwrapper\debug\nvtlapiwrapper.tlog\metagen.read.1.tlog
c:\projects\pele\nvtlapiwrapper\nvtlapiwrapper\debug\nvtlapiwrapper.tlog\metagen.write.1.tlog
c:\projects\pele\nvtlapiwrapper\nvtlapiwrapper\debug\nvtlapiwrapper.tlog\rc.command.1.tlog
c:\projects\pele\nvtlapiwrapper\nvtlapiwrapper\debug\nvtlapiwrapper.tlog\rc.read.1.tlog
c:\projects\pele\nvtlapiwrapper\nvtlapiwrapper\debug\nvtlapiwrapper.tlog\rc.write.1.tlog
c:\projects\pele\nvtlapiwrapper\nvtlapiwrapper\debug\nvtlapiwrapper.tlog\tzres.dll.bi
